<?xml version="1.0" encoding="UTF-8"?>
<!-- Generated by org.testng.reporters.JUnitXMLReporter -->
<testsuite hostname="mohits-MacBook-Pro.local" ignored="0" name="Default test" tests="8" failures="0" timestamp="02 May 2017 10:53:35 GMT" time="12.425" errors="0">
  <testcase name="f1" time="3.012" classname="com.quasio.ParametrisedTestUsingDaataProvider"/>
  <testcase name="f1" time="3.012" classname="com.quasio.ParametrisedTestUsingDaataProvider"/>
  <testcase name="f1" time="3.012" classname="com.quasio.ParametrisedTestUsingDaataProvider"/>
  <testcase name="f2" time="3.002" classname="com.quasio.ParametrisedTestUsingDaataProvider"/>
  <testcase name="f2" time="3.002" classname="com.quasio.ParametrisedTestUsingDaataProvider"/>
  <testcase name="f3" time="3.002" classname="com.quasio.ParametrisedTestUsingDaataProvider"/>
  <testcase name="f3" time="3.002" classname="com.quasio.ParametrisedTestUsingDaataProvider"/>
  <testcase name="f3" time="3.002" classname="com.quasio.ParametrisedTestUsingDaataProvider"/>
</testsuite> <!-- Default test -->
