<?xml version="1.0" encoding="UTF-8"?>
<testng-results skipped="0" failed="0" total="1" passed="1">
  <reporter-output>
  </reporter-output>
  <suite name="Check Email Notification" duration-ms="16265" started-at="2017-08-27T17:25:52Z" finished-at="2017-08-27T17:26:09Z">
    <groups>
    </groups>
    <test name="Check Email Notification" duration-ms="16265" started-at="2017-08-27T17:25:52Z" finished-at="2017-08-27T17:26:09Z">
      <class name="utils.SmsEmailNotification">
        <test-method status="PASS" signature="sendEmail()[pri:0, instance:utils.SmsEmailNotification@47f37ef1]" name="sendEmail" duration-ms="16256" started-at="2017-08-27T22:55:52Z" finished-at="2017-08-27T22:56:09Z">
          <reporter-output>
          </reporter-output>
        </test-method> <!-- sendEmail -->
      </class> <!-- utils.SmsEmailNotification -->
    </test> <!-- Check Email Notification -->
  </suite> <!-- Check Email Notification -->
</testng-results>
