<?xml version="1.0" encoding="UTF-8"?>
<!-- Generated by org.testng.reporters.JUnitXMLReporter -->
<testsuite hostname="mohits-MacBook-Pro.local" ignored="0" name="Data Provider" tests="8" failures="0" timestamp="02 May 2017 10:47:59 GMT" time="12.237" errors="0">
  <testcase name="f1" time="3.008" classname="com.quasio.ParametrisedTestUsingDaataProvider"/>
  <testcase name="f1" time="3.008" classname="com.quasio.ParametrisedTestUsingDaataProvider"/>
  <testcase name="f1" time="3.011" classname="com.quasio.ParametrisedTestUsingDaataProvider"/>
  <testcase name="f2" time="3.001" classname="com.quasio.ParametrisedTestUsingDaataProvider"/>
  <testcase name="f2" time="3.006" classname="com.quasio.ParametrisedTestUsingDaataProvider"/>
  <testcase name="f3" time="3.003" classname="com.quasio.ParametrisedTestUsingDaataProvider"/>
  <testcase name="f3" time="3.003" classname="com.quasio.ParametrisedTestUsingDaataProvider"/>
  <testcase name="f3" time="3.003" classname="com.quasio.ParametrisedTestUsingDaataProvider"/>
</testsuite> <!-- Data Provider -->
