<?xml version="1.0" encoding="UTF-8"?>
<!-- Generated by org.testng.reporters.JUnitXMLReporter -->
<testsuite hostname="mohits-MacBook-Pro.local" ignored="0" name="Test Skipping" tests="2" failures="0" timestamp="02 May 2017 10:47:44 GMT" time="0.266" errors="0">
  <testcase name="testTestNg1" time="0.009" classname="com.quasio.TestSkippingAndPriority">
    <skipped/>
  </testcase> <!-- testTestNg1 -->
  <testcase name="testTestNg0" time="0.0" classname="com.quasio.TestSkippingAndPriority">
    <skipped/>
  </testcase> <!-- testTestNg0 -->
</testsuite> <!-- Test Skipping -->
